This file contains any messages produced by compilers while
running configure, to aid debugging if configure makes a mistake.

It was created by release.2009 configure version-1.0, which was
generated by GNU Autoconf 2.64.  Invocation command line was

  $ ./configure 

## --------- ##
## Platform. ##
## --------- ##

hostname = Yichen-Zhangs-MacBook-Pro.local
uname -m = x86_64
uname -r = 11.0.0
uname -s = Darwin
uname -v = Darwin Kernel Version 11.0.0: Sat Jun 18 12:56:35 PDT 2011; root:xnu-1699.22.73~1/RELEASE_X86_64

/usr/bin/uname -p = i386
/bin/uname -X     = unknown

/bin/arch              = unknown
/usr/bin/arch -k       = unknown
/usr/convex/getsysinfo = unknown
/usr/bin/hostinfo      = Mach kernel version:
	 Darwin Kernel Version 11.0.0: Sat Jun 18 12:56:35 PDT 2011; root:xnu-1699.22.73~1/RELEASE_X86_64
Kernel configured for up to 4 processors.
2 processors are physically available.
4 processors are logically available.
Processor type: i486 (Intel 80486)
Processors active: 0 1 2 3
Primary memory available: 4.00 gigabytes
Default processor set: 80 tasks, 335 threads, 4 processors
Load average: 0.53, Mach factor: 3.45
/bin/machine           = unknown
/usr/bin/oslevel       = unknown
/bin/universe          = unknown

PATH: /usr/bin
PATH: /bin
PATH: /usr/sbin
PATH: /sbin
PATH: /usr/local/bin
PATH: /usr/X11/bin


## ----------- ##
## Core tests. ##
## ----------- ##

configure:1768: checking for ifort
configure:1798: result: no
configure:1768: checking for f95
configure:1798: result: no
configure:1768: checking for gfortran
configure:1784: found /usr/local/bin/gfortran
configure:1795: result: gfortran
configure:1821: checking for Fortran compiler version
configure:1830: gfortran --version >&5
GNU Fortran (GCC) 4.5.0 20100107 (experimental)
Copyright (C) 2009 Free Software Foundation, Inc.

GNU Fortran comes with NO WARRANTY, to the extent permitted by law.
You may redistribute copies of GNU Fortran
under the terms of the GNU General Public License.
For more information about these matters, see the file named COPYING

configure:1841: $? = 0
configure:1830: gfortran -v >&5
Using built-in specs.
COLLECT_GCC=gfortran
COLLECT_LTO_WRAPPER=/usr/local/libexec/gcc/x86_64-apple-darwin10/4.5.0/lto-wrapper
Target: x86_64-apple-darwin10
Configured with: ../gcc-4.5-20100107/configure --enable-languages=fortran --host=x86_64-apple-darwin10 --build=x86_64-apple-darwin10 : (reconfigured) ../gcc-4.5-20100107/configure --enable-languages=fortran,c++ --host=x86_64-apple-darwin10 --build=x86_64-apple-darwin10
Thread model: posix
gcc version 4.5.0 20100107 (experimental) (GCC) 
configure:1841: $? = 0
configure:1830: gfortran -V >&5
gfortran: '-V' option must have argument
configure:1841: $? = 1
configure:1830: gfortran -qversion >&5
gfortran: unrecognized option '-qversion'
gfortran: no input files
configure:1841: $? = 1
configure:1858: checking for Fortran compiler default output file name
configure:1880: gfortran    conftest.f  >&5
ld: warning: dylibs with same install name: /usr/local/lib/libgcc_s.10.5.dylib and /usr/local/lib/libgcc_ext.10.5.dylib
configure:1884: $? = 0
configure:1921: result: a.out
configure:1937: checking whether the Fortran compiler works
configure:1946: ./a.out
configure:1950: $? = 0
configure:1965: result: yes
configure:1972: checking whether we are cross compiling
configure:1974: result: no
configure:1977: checking for suffix of executables
configure:1984: gfortran -o conftest    conftest.f  >&5
ld: warning: dylibs with same install name: /usr/local/lib/libgcc_s.10.5.dylib and /usr/local/lib/libgcc_ext.10.5.dylib
configure:1988: $? = 0
configure:2010: result: 
configure:2016: checking for suffix of object files
configure:2032: gfortran -c   conftest.f >&5
configure:2036: $? = 0
configure:2057: result: o
configure:2065: checking whether we are using the GNU Fortran compiler
configure:2078: gfortran -c   conftest.F >&5
configure:2078: $? = 0
configure:2087: result: yes
configure:2093: checking whether gfortran accepts -g
configure:2104: gfortran -c -g  conftest.f >&5
configure:2104: $? = 0
configure:2112: result: yes
configure:2210: Using ASCII output (specify --enable-fits to enable FITS file output)
configure:2405: creating ./config.status

## ---------------------- ##
## Running config.status. ##
## ---------------------- ##

This file was extended by release.2009 config.status version-1.0, which was
generated by GNU Autoconf 2.64.  Invocation command line was

  CONFIG_FILES    = 
  CONFIG_HEADERS  = 
  CONFIG_LINKS    = 
  CONFIG_COMMANDS = 
  $ ./config.status 

on Yichen-Zhangs-MacBook-Pro.local

config.status:723: creating Makefile

## ---------------- ##
## Cache variables. ##
## ---------------- ##

ac_cv_env_FCFLAGS_set=
ac_cv_env_FCFLAGS_value=
ac_cv_env_FC_set=
ac_cv_env_FC_value=
ac_cv_env_LDFLAGS_set=
ac_cv_env_LDFLAGS_value=
ac_cv_env_LIBS_set=
ac_cv_env_LIBS_value=
ac_cv_env_build_alias_set=
ac_cv_env_build_alias_value=
ac_cv_env_host_alias_set=
ac_cv_env_host_alias_value=
ac_cv_env_target_alias_set=
ac_cv_env_target_alias_value=
ac_cv_fc_compiler_gnu=yes
ac_cv_objext=o
ac_cv_prog_ac_ct_FC=gfortran
ac_cv_prog_fc_g=yes

## ----------------- ##
## Output variables. ##
## ----------------- ##

CFITSIO_libdir=''
DEFS='-DPACKAGE_NAME=\"release.2009\" -DPACKAGE_TARNAME=\"release-2009\" -DPACKAGE_VERSION=\"version-1.0\" -DPACKAGE_STRING=\"release.2009\ version-1.0\" -DPACKAGE_BUGREPORT=\"\" -DPACKAGE_URL=\"\"'
ECHO_C='\c'
ECHO_N=''
ECHO_T=''
EXEEXT=''
FC='gfortran'
FCFLAGS='-g -O2'
LDFLAGS=''
LIBOBJS=''
LIBS=''
LTLIBOBJS=''
OBJEXT='o'
PACKAGE_BUGREPORT=''
PACKAGE_NAME='release.2009'
PACKAGE_STRING='release.2009 version-1.0'
PACKAGE_TARNAME='release-2009'
PACKAGE_URL=''
PACKAGE_VERSION='version-1.0'
PATH_SEPARATOR=':'
SHELL='/bin/sh'
ac_ct_FC='gfortran'
bindir='${exec_prefix}/bin'
build_alias=''
datadir='${datarootdir}'
datarootdir='${prefix}/share'
debug=''
docdir='${datarootdir}/doc/${PACKAGE_TARNAME}'
dvidir='${docdir}'
exec_prefix='${prefix}'
extra='-ffree-line-length-none'
fits=''
host_alias=''
htmldir='${docdir}'
includedir='${prefix}/include'
infodir='${datarootdir}/info'
libdir='${exec_prefix}/lib'
libexecdir='${exec_prefix}/libexec'
localedir='${datarootdir}/locale'
localstatedir='${prefix}/var'
mandir='${datarootdir}/man'
nested_image='type_nested_image_nofits.o'
oldincludedir='/usr/include'
output='output.o'
pdfdir='${docdir}'
prefix='/usr/local'
program_transform_name='s,x,x,'
psdir='${docdir}'
sbindir='${exec_prefix}/sbin'
sharedstatedir='${prefix}/com'
sysconfdir='${prefix}/etc'
target_alias=''

## ----------- ##
## confdefs.h. ##
## ----------- ##

/* confdefs.h */
#define PACKAGE_NAME "release.2009"
#define PACKAGE_TARNAME "release-2009"
#define PACKAGE_VERSION "version-1.0"
#define PACKAGE_STRING "release.2009 version-1.0"
#define PACKAGE_BUGREPORT ""
#define PACKAGE_URL ""

configure: exit 0
